14:53:49.829 [main                     ] DEBUG Logger               - Configured Logger
14:53:49.834 [main                     ] DEBUG GameApplication      - Logging settings
Title: DashDash
Version: 0.0.3
Width: 1280
Height: 720
Fullscreen: false
Intro: false
Profiling: false
Single step:false
App Mode: DEVELOPER
Menu Key: ESCAPE
Stage Style: DECORATED
Scene Factory: class com.group.game.dashdash.MenuFactory

14:53:50.167 [JavaFX Application Thread] DEBUG FXGLApplication      - Initializing FXGL
14:53:50.169 [JavaFX Application Thread] INFO  Engine               - FXGL-17.3 (30.03.2023 11.49) on WINDOWS (J:25.0.1 FX:21.0.6)
14:53:50.169 [JavaFX Application Thread] DEBUG Engine               - JRE Vendor Name: Eclipse Adoptium
14:53:50.169 [JavaFX Application Thread] DEBUG Engine               - Running on OS: Windows 11 version 10.0
14:53:50.169 [JavaFX Application Thread] DEBUG Engine               - Architecture: amd64
14:53:50.169 [JavaFX Application Thread] INFO  Engine               - Source code and latest versions at: https://github.com/AlmasB/FXGL
14:53:50.169 [JavaFX Application Thread] INFO  Engine               -       Ask questions and discuss at: https://github.com/AlmasB/FXGL/discussions
14:53:50.169 [JavaFX Application Thread] INFO  Engine               -              Join the FXGL chat at: https://gitter.im/AlmasB/FXGL
14:53:50.240 [JavaFX Application Thread] DEBUG PrimaryStageWindow   - Creating a JavaFX scene
14:53:50.279 [JavaFX Application Thread] DEBUG PrimaryStageWindow   - Target settings size: 1280.0 x 720.0
14:53:50.279 [JavaFX Application Thread] DEBUG PrimaryStageWindow   - Scaled scene size:    1280.0 x 720.0
14:53:50.279 [JavaFX Application Thread] DEBUG PrimaryStageWindow   - Scaled ratio: (1.0, 1.0)
14:53:50.281 [JavaFX Application Thread] DEBUG PrimaryStageWindow   - Set initial scene to FXGLStartupScene
14:53:50.283 [JavaFX Application Thread] DEBUG PrimaryStageWindow   - Opening main window
14:53:50.377 [JavaFX Application Thread] DEBUG PrimaryStageWindow   - Window border size: (14.6666259765625, 37.33331298828125)
14:53:50.377 [JavaFX Application Thread] DEBUG PrimaryStageWindow   - Scaled size: 1280.0 x 720.0
14:53:50.377 [JavaFX Application Thread] DEBUG PrimaryStageWindow   - Scaled ratio: (1.0, 1.0)
14:53:50.377 [JavaFX Application Thread] DEBUG PrimaryStageWindow   - Scene size: 1280.0 x 720.0
14:53:50.377 [JavaFX Application Thread] DEBUG PrimaryStageWindow   - Stage size: 1294.6666259765625 x 757.3333129882812
14:53:50.383 [FXGL Background Thread 1 ] DEBUG Engine               - Initializing environment variables
14:53:50.429 [FXGL Background Thread 1 ] DEBUG FXGLAssetLoaderServi - User app class for loading assets: class com.group.game.dashdash.HelloApplication
14:53:50.429 [FXGL Background Thread 1 ] DEBUG GameApplicationServi - Applying CSS: fxgl_dark.css
14:53:50.429 [FXGL Background Thread 1 ] DEBUG FXGLAssetLoaderServi - Loading from file system: jar:file:///C:/Users/U-ser/.m2/repository/com/github/almasb/fxgl/17.3/fxgl-17.3.jar!/fxglassets/ui/css/fxgl_dark.css
14:53:50.463 [FXGL Background Thread 1 ] DEBUG GameApplicationServi - Initializing application scenes
14:53:50.501 [FXGL Background Thread 1 ] DEBUG GameWorld            - Game world initialized
14:53:50.577 [FXGL Background Thread 1 ] DEBUG PhysicsWorld         - Physics world initialized: appHeight=720, physics.ppm=50.0
14:53:50.577 [FXGL Background Thread 1 ] DEBUG PhysicsWorld         - Using strategy: BRUTE_FORCE
14:53:50.583 [FXGL Background Thread 1 ] DEBUG GameScene            - Game scene initialized: 1280x720
14:53:50.609 [FXGL Background Thread 1 ] DEBUG FXGL.DefaultMenu     - createMenuBodyGameMenu()
14:53:50.623 [FXGL Background Thread 1 ] DEBUG FXGL.DefaultMenu     - createOptionsMenu()
14:53:50.638 [FXGL Background Thread 1 ] DEBUG FXGLAssetLoaderServi - Loading from file system: jar:file:///C:/Users/U-ser/.m2/repository/com/github/almasb/fxgl/17.3/fxgl-17.3.jar!/fxglassets/textures/particles/smoke.png
14:53:50.756 [FXGL Background Thread 1 ] DEBUG FXGLAssetLoaderServi - Loading from file system: jar:file:///C:/Users/U-ser/.m2/repository/com/github/almasb/fxgl/17.3/fxgl-17.3.jar!/fxglassets/textures/particles/trace_horizontal.png
14:53:50.798 [FXGL Background Thread 1 ] DEBUG GameApplicationServi - Application scenes initialized
14:53:50.814 [FXGL Background Thread 1 ] DEBUG SystemBundleService  - Loading FXGL system data
14:53:50.822 [FXGL Background Thread 1 ] DEBUG FileSystemAccess     - Reading from: D:\UI\project\Y2\CS223\1\game\DashDash\system\fxgl.bundle
14:53:50.832 [FXGL Background Thread 1 ] DEBUG SystemBundleService  - Bundle FXGL: {}
14:53:50.832 [FXGL Background Thread 1 ] DEBUG UpdaterService       - Checking for updates
14:53:50.837 [FXGL Background Thread 4 ] DEBUG FXGLApplication      - Loading fonts
14:53:50.838 [FXGL Background Thread 4 ] DEBUG FXGLAssetLoaderServi - Loading from file system: jar:file:///C:/Users/U-ser/.m2/repository/com/github/almasb/fxgl/17.3/fxgl-17.3.jar!/fxglassets/ui/fonts/VarelaRound-Regular.ttf
14:53:50.838 [FXGL Background Thread 1 ] DEBUG FXGLApplication      - Loading default localization
14:53:50.839 [FXGL Background Thread 1 ] DEBUG FXGLAssetLoaderServi - Loading from file system: jar:file:///C:/Users/U-ser/.m2/repository/com/github/almasb/fxgl/17.3/fxgl-17.3.jar!/fxglassets/languages/english.lang
14:53:50.858 [FXGL Background Thread 1 ] INFO  FXGLApplication      - FXGL initialization took: 0.475 sec
14:53:50.869 [JavaFX Application Thread] DEBUG Input                - Registered new binding: Jump - Space
14:53:50.871 [JavaFX Application Thread] WARN  FXGLAssetLoaderServi - Asset "/assets/music/bgm.mp3" was not found!
14:53:50.871 [JavaFX Application Thread] WARN  FXGLAssetLoaderServi - Failed to load MUSIC
14:53:50.873 [JavaFX Application Thread] DEBUG AudioPlayer          - Playing music com.almasb.fxgl.audio.Music@bcdcaf5
14:53:50.874 [JavaFX Application Thread] DEBUG FXGLAssetLoaderServi - Loading from file system: jar:file:///C:/Users/U-ser/.m2/repository/com/github/almasb/fxgl/17.3/fxgl-17.3.jar!/fxglassets/textures/fxgl_icon.png
14:53:50.886 [FXGL Background Thread 4 ] DEBUG FXGLAssetLoaderServi - Loading from file system: jar:file:///C:/Users/U-ser/.m2/repository/com/github/almasb/fxgl/17.3/fxgl-17.3.jar!/fxglassets/ui/fonts/Abel-Regular.ttf
14:53:50.891 [FXGL Background Thread 4 ] DEBUG FXGLAssetLoaderServi - Loading from file system: jar:file:///C:/Users/U-ser/.m2/repository/com/github/almasb/fxgl/17.3/fxgl-17.3.jar!/fxglassets/ui/fonts/TerminalLandMono-Regular.otf
14:53:50.898 [FXGL Background Thread 4 ] DEBUG FXGLAssetLoaderServi - Loading from file system: jar:file:///C:/Users/U-ser/.m2/repository/com/github/almasb/fxgl/17.3/fxgl-17.3.jar!/fxglassets/ui/fonts/Courier-Prime.ttf
14:53:50.902 [JavaFX Application Thread] DEBUG FXGLAssetLoaderServi - Loading from file system: jar:file:///C:/Users/U-ser/.m2/repository/com/github/almasb/fxgl/17.3/fxgl-17.3.jar!/fxglassets/textures/fxgl_default_cursor.png
14:53:50.904 [JavaFX Application Thread] DEBUG Input                - Registered new binding: Screenshot - CTRL+8
14:53:50.905 [JavaFX Application Thread] DEBUG Input                - Registered new binding: System info dump - CTRL+9
14:53:50.905 [JavaFX Application Thread] DEBUG Input                - Registered new binding: Restart - CTRL+R
14:53:50.906 [JavaFX Application Thread] DEBUG Input                - Registered new binding: Toggle Debug Camera - CTRL+7
14:53:50.909 [JavaFX Application Thread] DEBUG LoopRunner           - Starting loop
14:53:50.909 [JavaFX Application Thread] DEBUG LoopRunner           - Initializing JavaFX AnimationTimerLoop
14:53:50.913 [JavaFX Application Thread] DEBUG Input                - Clearing active input actions
14:53:50.925 [JavaFX Application Thread] DEBUG GameApplicationServi - Removing overlay from FXGLStartupScene and adding to FXGLMainMenuDummyScene
14:53:50.925 [JavaFX Application Thread] DEBUG PrimaryStageWindow   - FXGLStartupScene -> FXGLMainMenuDummyScene
14:53:50.926 [JavaFX Application Thread] DEBUG PrimaryStageWindow   - Push state: MyMainMenu
14:53:50.926 [JavaFX Application Thread] DEBUG Input                - Clearing active input actions
14:53:50.935 [JavaFX Application Thread] DEBUG GameApplicationServi - Removing overlay from FXGLMainMenuDummyScene and adding to MyMainMenu
14:53:50.936 [JavaFX Application Thread] DEBUG PrimaryStageWindow   - FXGLMainMenuDummyScene -> MyMainMenu
14:53:50.936 [JavaFX Application Thread] DEBUG FXGLApplication      - Registering font factories with UI factory
14:53:51.539 [FXGL Background Thread 2 ] INFO  UpdaterService       - Your current version:  17.3
14:53:51.539 [FXGL Background Thread 2 ] INFO  UpdaterService       - Latest stable version: 21.1
14:53:52.821 [JavaFX Application Thread] DEBUG Menu                 - fireNewGame()
14:53:52.821 [JavaFX Application Thread] DEBUG GameApplicationServi - Starting new game
14:53:52.821 [JavaFX Application Thread] DEBUG PrimaryStageWindow   - Pop state: MyMainMenu
14:53:52.821 [JavaFX Application Thread] DEBUG Input                - Clearing active input actions
14:53:52.822 [JavaFX Application Thread] DEBUG GameApplicationServi - Removing overlay from MyMainMenu and adding to FXGLMainMenuDummyScene
14:53:52.822 [JavaFX Application Thread] DEBUG PrimaryStageWindow   - FXGLMainMenuDummyScene <- MyMainMenu
14:53:52.822 [JavaFX Application Thread] DEBUG Input                - Clearing active input actions
14:53:52.826 [JavaFX Application Thread] DEBUG GameApplicationServi - Removing overlay from FXGLMainMenuDummyScene and adding to FXGLLoadingScene
14:53:52.826 [JavaFX Application Thread] DEBUG PrimaryStageWindow   - FXGLMainMenuDummyScene -> FXGLLoadingScene
14:53:52.826 [JavaFX Application Thread] DEBUG GameApplicationServi - Clearing previous game
14:53:52.826 [JavaFX Application Thread] DEBUG GameScene            - Clearing game scene
14:53:52.826 [JavaFX Application Thread] DEBUG GameWorld            - Clearing game world
14:53:52.826 [JavaFX Application Thread] DEBUG PhysicsWorld         - Clearing physics world
14:53:52.828 [FXGL Background Thread 2 ] DEBUG FXGLApplication      - Initializing game
14:53:52.842 [FXGL Background Thread 2 ] WARN  FXGLAssetLoaderServi - Asset "/assets/textures/bird.png" was not found!
14:53:52.842 [FXGL Background Thread 2 ] WARN  FXGLAssetLoaderServi - Failed to load IMAGE
14:53:52.887 [FXGL Background Thread 2 ] INFO  FXGLApplication      - Game initialization took: 0.058 sec
14:53:52.888 [JavaFX Application Thread] DEBUG Input                - Clearing active input actions
14:53:52.892 [JavaFX Application Thread] DEBUG GameApplicationServi - Removing overlay from FXGLLoadingScene and adding to GameScene
14:53:52.892 [JavaFX Application Thread] DEBUG PrimaryStageWindow   - FXGLLoadingScene -> GameScene
14:53:53.836 [FXGL Background Thread 3 ] DEBUG Engine               - Logging environment variables
14:53:53.836 [FXGL Background Thread 3 ] DEBUG Engine               - achievements: []
14:53:53.836 [FXGL Background Thread 3 ] DEBUG Engine               - actualHeight: 720.0
14:53:53.836 [FXGL Background Thread 3 ] DEBUG Engine               - actualHeightProperty: ReadOnlyDoubleProperty [value: 720.0]
14:53:53.836 [FXGL Background Thread 3 ] DEBUG Engine               - actualWidth: 1280.0
14:53:53.836 [FXGL Background Thread 3 ] DEBUG Engine               - actualWidthProperty: ReadOnlyDoubleProperty [value: 1280.0]
14:53:53.836 [FXGL Background Thread 3 ] DEBUG Engine               - appIcon: fxgl_icon.png
14:53:53.836 [FXGL Background Thread 3 ] DEBUG Engine               - applicationMode: DEVELOPER
14:53:53.836 [FXGL Background Thread 3 ] DEBUG Engine               - cSSList: [fxgl_dark.css]
14:53:53.836 [FXGL Background Thread 3 ] DEBUG Engine               - collisionDetectionStrategy: BRUTE_FORCE
14:53:53.836 [FXGL Background Thread 3 ] DEBUG Engine               - configClass: Optional.empty
14:53:53.836 [FXGL Background Thread 3 ] DEBUG Engine               - credits: []
14:53:53.836 [FXGL Background Thread 3 ] DEBUG Engine               - defaultCursor: CursorInfo(imageName=fxgl_default_cursor.png, hotspotX=7.0, hotspotY=6.0)
14:53:53.837 [FXGL Background Thread 3 ] DEBUG Engine               - devBBoxColorProperty: ObjectProperty [value: 0xff0000ff]
14:53:53.837 [FXGL Background Thread 3 ] DEBUG Engine               - devEnableDebugCameraProperty: BooleanProperty [value: false]
14:53:53.837 [FXGL Background Thread 3 ] DEBUG Engine               - devSensorColorProperty: ObjectProperty [value: 0xffff00ff]
14:53:53.837 [FXGL Background Thread 3 ] DEBUG Engine               - devShowBBoxProperty: BooleanProperty [value: false]
14:53:53.837 [FXGL Background Thread 3 ] DEBUG Engine               - devShowPositionProperty: BooleanProperty [value: false]
14:53:53.837 [FXGL Background Thread 3 ] DEBUG Engine               - enabledMenuItems: []
14:53:53.837 [FXGL Background Thread 3 ] DEBUG Engine               - engineServices: [class com.almasb.fxgl.app.services.FXGLAssetLoaderService, class com.almasb.fxgl.app.FXGLApplication$GameApplicationService, class com.almasb.fxgl.app.services.FXGLDialogService, class com.almasb.fxgl.app.services.IOTaskExecutorService, class com.almasb.fxgl.io.FileSystemService, class com.almasb.fxgl.localization.LocalizationService, class com.almasb.fxgl.app.services.SystemBundleService, class com.almasb.fxgl.profile.SaveLoadService, class com.almasb.fxgl.ui.FXGLUIFactoryServiceProvider, class com.almasb.fxgl.ui.FXGLDialogFactoryServiceProvider, class com.almasb.fxgl.audio.AudioPlayer, class com.almasb.fxgl.notification.impl.NotificationServiceProvider, class com.almasb.fxgl.achievement.AchievementService, class com.almasb.fxgl.cutscene.CutsceneService, class com.almasb.fxgl.minigames.MiniGameService, class com.almasb.fxgl.net.NetService, class com.almasb.fxgl.app.services.UpdaterService, class com.almasb.fxgl.dev.DevService]
14:53:53.837 [FXGL Background Thread 3 ] DEBUG Engine               - fontGame: Abel-Regular.ttf
14:53:53.837 [FXGL Background Thread 3 ] DEBUG Engine               - fontMono: TerminalLandMono-Regular.otf
14:53:53.837 [FXGL Background Thread 3 ] DEBUG Engine               - fontSizeScaleUI: 1.0
14:53:53.837 [FXGL Background Thread 3 ] DEBUG Engine               - fontText: Courier-Prime.ttf
14:53:53.837 [FXGL Background Thread 3 ] DEBUG Engine               - fontUI: VarelaRound-Regular.ttf
14:53:53.837 [FXGL Background Thread 3 ] DEBUG Engine               - fullScreen: BooleanProperty [value: false]
14:53:53.837 [FXGL Background Thread 3 ] DEBUG Engine               - gameDifficulty: MEDIUM
14:53:53.837 [FXGL Background Thread 3 ] DEBUG Engine               - gameDifficultyProperty: ObjectProperty [value: MEDIUM]
14:53:53.837 [FXGL Background Thread 3 ] DEBUG Engine               - globalMusicVolume: 0.5
14:53:53.837 [FXGL Background Thread 3 ] DEBUG Engine               - globalMusicVolumeProperty: DoubleProperty [value: 0.5]
14:53:53.837 [FXGL Background Thread 3 ] DEBUG Engine               - globalSoundVolume: 0.5
14:53:53.837 [FXGL Background Thread 3 ] DEBUG Engine               - globalSoundVolumeProperty: DoubleProperty [value: 0.5]
14:53:53.837 [FXGL Background Thread 3 ] DEBUG Engine               - height: 720
14:53:53.837 [FXGL Background Thread 3 ] DEBUG Engine               - is3D: false
14:53:53.837 [FXGL Background Thread 3 ] DEBUG Engine               - isAndroid: false
14:53:53.837 [FXGL Background Thread 3 ] DEBUG Engine               - isBrowser: false
14:53:53.837 [FXGL Background Thread 3 ] DEBUG Engine               - isClickFeedbackEnabled: false
14:53:53.837 [FXGL Background Thread 3 ] DEBUG Engine               - isCloseConfirmation: false
14:53:53.837 [FXGL Background Thread 3 ] DEBUG Engine               - isDesktop: true
14:53:53.837 [FXGL Background Thread 3 ] DEBUG Engine               - isDeveloperMenuEnabled: false
14:53:53.837 [FXGL Background Thread 3 ] DEBUG Engine               - isEmbedded: false
14:53:53.838 [FXGL Background Thread 3 ] DEBUG Engine               - isEntityPreloadEnabled: true
14:53:53.838 [FXGL Background Thread 3 ] DEBUG Engine               - isExperimentalTiledLargeMap: false
14:53:53.838 [FXGL Background Thread 3 ] DEBUG Engine               - isFileSystemWriteAllowed: true
14:53:53.838 [FXGL Background Thread 3 ] DEBUG Engine               - isFullScreenAllowed: false
14:53:53.838 [FXGL Background Thread 3 ] DEBUG Engine               - isFullScreenFromStart: false
14:53:53.838 [FXGL Background Thread 3 ] DEBUG Engine               - isGameMenuEnabled: true
14:53:53.838 [FXGL Background Thread 3 ] DEBUG Engine               - isIOS: false
14:53:53.838 [FXGL Background Thread 3 ] DEBUG Engine               - isIntroEnabled: false
14:53:53.838 [FXGL Background Thread 3 ] DEBUG Engine               - isLinux: false
14:53:53.838 [FXGL Background Thread 3 ] DEBUG Engine               - isMac: false
14:53:53.838 [FXGL Background Thread 3 ] DEBUG Engine               - isMainMenuEnabled: true
14:53:53.838 [FXGL Background Thread 3 ] DEBUG Engine               - isManualResizeEnabled: false
14:53:53.838 [FXGL Background Thread 3 ] DEBUG Engine               - isMobile: false
14:53:53.838 [FXGL Background Thread 3 ] DEBUG Engine               - isNative: false
14:53:53.838 [FXGL Background Thread 3 ] DEBUG Engine               - isPauseMusicWhenMinimized: true
14:53:53.838 [FXGL Background Thread 3 ] DEBUG Engine               - isPreserveResizeRatio: false
14:53:53.838 [FXGL Background Thread 3 ] DEBUG Engine               - isProfilingEnabled: false
14:53:53.838 [FXGL Background Thread 3 ] DEBUG Engine               - isScaleAffectedOnResize: true
14:53:53.838 [FXGL Background Thread 3 ] DEBUG Engine               - isSingleStep: false
14:53:53.838 [FXGL Background Thread 3 ] DEBUG Engine               - isUserProfileEnabled: false
14:53:53.838 [FXGL Background Thread 3 ] DEBUG Engine               - isWindows: true
14:53:53.838 [FXGL Background Thread 3 ] DEBUG Engine               - language: ObjectProperty [value: ENGLISH]
14:53:53.838 [FXGL Background Thread 3 ] DEBUG Engine               - menuKey: ESCAPE
14:53:53.838 [FXGL Background Thread 3 ] DEBUG Engine               - mouseSensitivity: 0.2
14:53:53.838 [FXGL Background Thread 3 ] DEBUG Engine               - notificationViewClass: class com.almasb.fxgl.notification.view.XboxNotificationView
14:53:53.838 [FXGL Background Thread 3 ] DEBUG Engine               - pixelsPerMeter: 50.0
14:53:53.838 [FXGL Background Thread 3 ] DEBUG Engine               - platform: WINDOWS
14:53:53.838 [FXGL Background Thread 3 ] DEBUG Engine               - prefHeightProperty: ReadOnlyDoubleProperty [value: 720.0]
14:53:53.838 [FXGL Background Thread 3 ] DEBUG Engine               - prefWidthProperty: ReadOnlyDoubleProperty [value: 1280.0]
14:53:53.838 [FXGL Background Thread 3 ] DEBUG Engine               - profileDir: profiles/
14:53:53.838 [FXGL Background Thread 3 ] DEBUG Engine               - profileName: StringProperty [value: DEFAULT]
14:53:53.838 [FXGL Background Thread 3 ] DEBUG Engine               - randomSeed: -1
14:53:53.838 [FXGL Background Thread 3 ] DEBUG Engine               - runtimeInfo: RuntimeInfo(platform=WINDOWS, version=17.3, build=30.03.2023 11.49)
14:53:53.838 [FXGL Background Thread 3 ] DEBUG Engine               - saveFileExt: sav
14:53:53.838 [FXGL Background Thread 3 ] DEBUG Engine               - scaledHeightProp$fxgl: DoubleProperty [bound, value: 720.0]
14:53:53.838 [FXGL Background Thread 3 ] DEBUG Engine               - scaledWidthProp$fxgl: DoubleProperty [bound, value: 1280.0]
14:53:53.838 [FXGL Background Thread 3 ] DEBUG Engine               - sceneFactory: com.group.game.dashdash.MenuFactory@79ff6794
14:53:53.838 [FXGL Background Thread 3 ] DEBUG Engine               - secondsIn24h: 60
14:53:53.838 [FXGL Background Thread 3 ] DEBUG Engine               - soundMenuBack: menu/back.wav
14:53:53.838 [FXGL Background Thread 3 ] DEBUG Engine               - soundMenuPress: menu/press.wav
14:53:53.838 [FXGL Background Thread 3 ] DEBUG Engine               - soundMenuSelect: menu/select.wav
14:53:53.838 [FXGL Background Thread 3 ] DEBUG Engine               - soundNotification: core/notification.wav
14:53:53.838 [FXGL Background Thread 3 ] DEBUG Engine               - stageStyle: DECORATED
14:53:53.838 [FXGL Background Thread 3 ] DEBUG Engine               - supportedLanguages: [ENGLISH, FRENCH, GERMAN, HUNGARIAN, RUSSIAN]
14:53:53.839 [FXGL Background Thread 3 ] DEBUG Engine               - ticksPerSecond: -1
14:53:53.839 [FXGL Background Thread 3 ] DEBUG Engine               - title: DashDash
14:53:53.839 [FXGL Background Thread 3 ] DEBUG Engine               - urlGithub: https://github.com/AlmasB/FXGL
14:53:53.839 [FXGL Background Thread 3 ] DEBUG Engine               - urlLeaderboard: http://fxgl-top.herokuapp.com/
14:53:53.839 [FXGL Background Thread 3 ] DEBUG Engine               - urlPOM: https://raw.githubusercontent.com/AlmasB/FXGL/release/README.md
14:53:53.839 [FXGL Background Thread 3 ] DEBUG Engine               - userAppClass: class com.group.game.dashdash.HelloApplication
14:53:53.839 [FXGL Background Thread 3 ] DEBUG Engine               - version: 0.0.3
14:53:53.839 [FXGL Background Thread 3 ] DEBUG Engine               - versionCheckDays: 7
14:53:53.839 [FXGL Background Thread 3 ] DEBUG Engine               - width: 1280
14:53:53.839 [FXGL Background Thread 3 ] DEBUG Engine               - Logging services
14:53:53.839 [FXGL Background Thread 3 ] DEBUG Engine               - class com.almasb.fxgl.app.services.FXGLAssetLoaderService
14:53:53.839 [FXGL Background Thread 3 ] DEBUG Engine               - class com.almasb.fxgl.app.FXGLApplication$GameApplicationService
14:53:53.839 [FXGL Background Thread 3 ] DEBUG Engine               - class com.almasb.fxgl.app.services.FXGLDialogService
14:53:53.839 [FXGL Background Thread 3 ] DEBUG Engine               - class com.almasb.fxgl.app.services.IOTaskExecutorService
14:53:53.839 [FXGL Background Thread 3 ] DEBUG Engine               - class com.almasb.fxgl.io.FileSystemService
14:53:53.839 [FXGL Background Thread 3 ] DEBUG Engine               - class com.almasb.fxgl.localization.LocalizationService
14:53:53.839 [FXGL Background Thread 3 ] DEBUG Engine               - class com.almasb.fxgl.app.services.SystemBundleService
14:53:53.839 [FXGL Background Thread 3 ] DEBUG Engine               - class com.almasb.fxgl.profile.SaveLoadService
14:53:53.839 [FXGL Background Thread 3 ] DEBUG Engine               - class com.almasb.fxgl.ui.FXGLUIFactoryServiceProvider
14:53:53.839 [FXGL Background Thread 3 ] DEBUG Engine               - class com.almasb.fxgl.ui.FXGLDialogFactoryServiceProvider
14:53:53.839 [FXGL Background Thread 3 ] DEBUG Engine               - class com.almasb.fxgl.audio.AudioPlayer
14:53:53.839 [FXGL Background Thread 3 ] DEBUG Engine               - class com.almasb.fxgl.notification.impl.NotificationServiceProvider
14:53:53.839 [FXGL Background Thread 3 ] DEBUG Engine               - class com.almasb.fxgl.achievement.AchievementService
14:53:53.839 [FXGL Background Thread 3 ] DEBUG Engine               - class com.almasb.fxgl.cutscene.CutsceneService
14:53:53.839 [FXGL Background Thread 3 ] DEBUG Engine               - class com.almasb.fxgl.minigames.MiniGameService
14:53:53.839 [FXGL Background Thread 3 ] DEBUG Engine               - class com.almasb.fxgl.net.NetService
14:53:53.839 [FXGL Background Thread 3 ] DEBUG Engine               - class com.almasb.fxgl.app.services.UpdaterService
14:53:53.839 [FXGL Background Thread 3 ] DEBUG Engine               - class com.almasb.fxgl.dev.DevService
14:53:56.557 [JavaFX Application Thread] DEBUG GameApplicationServi - Starting new game
14:53:56.557 [JavaFX Application Thread] DEBUG Input                - Clearing active input actions
14:53:56.561 [JavaFX Application Thread] DEBUG GameApplicationServi - Removing overlay from GameScene and adding to FXGLLoadingScene
14:53:56.561 [JavaFX Application Thread] DEBUG PrimaryStageWindow   - GameScene -> FXGLLoadingScene
14:53:56.561 [JavaFX Application Thread] DEBUG GameApplicationServi - Clearing previous game
14:53:56.561 [JavaFX Application Thread] DEBUG GameScene            - Clearing game scene
14:53:56.561 [JavaFX Application Thread] DEBUG GameWorld            - Clearing game world
14:53:56.564 [JavaFX Application Thread] DEBUG PhysicsWorld         - Clearing physics world
14:53:56.564 [FXGL Background Thread 2 ] DEBUG FXGLApplication      - Initializing game
14:53:56.565 [FXGL Background Thread 2 ] WARN  FXGLAssetLoaderServi - Asset "/assets/textures/bird.png" was not found!
14:53:56.565 [FXGL Background Thread 2 ] WARN  FXGLAssetLoaderServi - Failed to load IMAGE
14:53:56.567 [FXGL Background Thread 2 ] INFO  FXGLApplication      - Game initialization took: 0.002 sec
14:53:56.569 [JavaFX Application Thread] DEBUG Input                - Clearing active input actions
14:53:56.571 [JavaFX Application Thread] DEBUG GameApplicationServi - Removing overlay from FXGLLoadingScene and adding to GameScene
14:53:56.572 [JavaFX Application Thread] DEBUG PrimaryStageWindow   - FXGLLoadingScene -> GameScene
14:54:09.116 [JavaFX Application Thread] DEBUG GameApplicationServi - Starting new game
14:54:09.116 [JavaFX Application Thread] DEBUG Input                - Clearing active input actions
14:54:09.118 [JavaFX Application Thread] DEBUG GameApplicationServi - Removing overlay from GameScene and adding to FXGLLoadingScene
14:54:09.119 [JavaFX Application Thread] DEBUG PrimaryStageWindow   - GameScene -> FXGLLoadingScene
14:54:09.119 [JavaFX Application Thread] DEBUG GameApplicationServi - Clearing previous game
14:54:09.119 [JavaFX Application Thread] DEBUG GameScene            - Clearing game scene
14:54:09.119 [JavaFX Application Thread] DEBUG GameWorld            - Clearing game world
14:54:09.121 [JavaFX Application Thread] DEBUG PhysicsWorld         - Clearing physics world
14:54:09.121 [FXGL Background Thread 2 ] DEBUG FXGLApplication      - Initializing game
14:54:09.122 [FXGL Background Thread 2 ] WARN  FXGLAssetLoaderServi - Asset "/assets/textures/bird.png" was not found!
14:54:09.122 [FXGL Background Thread 2 ] WARN  FXGLAssetLoaderServi - Failed to load IMAGE
14:54:09.123 [FXGL Background Thread 2 ] INFO  FXGLApplication      - Game initialization took: 0.002 sec
14:54:09.124 [JavaFX Application Thread] DEBUG Input                - Clearing active input actions
14:54:09.126 [JavaFX Application Thread] DEBUG GameApplicationServi - Removing overlay from FXGLLoadingScene and adding to GameScene
14:54:09.126 [JavaFX Application Thread] DEBUG PrimaryStageWindow   - FXGLLoadingScene -> GameScene
14:54:12.701 [JavaFX Application Thread] DEBUG GameApplicationServi - Starting new game
14:54:12.701 [JavaFX Application Thread] DEBUG Input                - Clearing active input actions
14:54:12.703 [JavaFX Application Thread] DEBUG GameApplicationServi - Removing overlay from GameScene and adding to FXGLLoadingScene
14:54:12.703 [JavaFX Application Thread] DEBUG PrimaryStageWindow   - GameScene -> FXGLLoadingScene
14:54:12.703 [JavaFX Application Thread] DEBUG GameApplicationServi - Clearing previous game
14:54:12.703 [JavaFX Application Thread] DEBUG GameScene            - Clearing game scene
14:54:12.703 [JavaFX Application Thread] DEBUG GameWorld            - Clearing game world
14:54:12.703 [JavaFX Application Thread] DEBUG PhysicsWorld         - Clearing physics world
14:54:12.704 [FXGL Background Thread 2 ] DEBUG FXGLApplication      - Initializing game
14:54:12.704 [FXGL Background Thread 2 ] WARN  FXGLAssetLoaderServi - Asset "/assets/textures/bird.png" was not found!
14:54:12.704 [FXGL Background Thread 2 ] WARN  FXGLAssetLoaderServi - Failed to load IMAGE
14:54:12.705 [FXGL Background Thread 2 ] INFO  FXGLApplication      - Game initialization took: 0.001 sec
14:54:12.705 [JavaFX Application Thread] DEBUG Input                - Clearing active input actions
14:54:12.707 [JavaFX Application Thread] DEBUG GameApplicationServi - Removing overlay from FXGLLoadingScene and adding to GameScene
14:54:12.707 [JavaFX Application Thread] DEBUG PrimaryStageWindow   - FXGLLoadingScene -> GameScene
14:54:25.276 [JavaFX Application Thread] DEBUG GameApplicationServi - Starting new game
14:54:25.276 [JavaFX Application Thread] DEBUG Input                - Clearing active input actions
14:54:25.279 [JavaFX Application Thread] DEBUG GameApplicationServi - Removing overlay from GameScene and adding to FXGLLoadingScene
14:54:25.279 [JavaFX Application Thread] DEBUG PrimaryStageWindow   - GameScene -> FXGLLoadingScene
14:54:25.279 [JavaFX Application Thread] DEBUG GameApplicationServi - Clearing previous game
14:54:25.279 [JavaFX Application Thread] DEBUG GameScene            - Clearing game scene
14:54:25.279 [JavaFX Application Thread] DEBUG GameWorld            - Clearing game world
14:54:25.279 [JavaFX Application Thread] DEBUG PhysicsWorld         - Clearing physics world
14:54:25.281 [FXGL Background Thread 2 ] DEBUG FXGLApplication      - Initializing game
14:54:25.281 [FXGL Background Thread 2 ] WARN  FXGLAssetLoaderServi - Asset "/assets/textures/bird.png" was not found!
14:54:25.281 [FXGL Background Thread 2 ] WARN  FXGLAssetLoaderServi - Failed to load IMAGE
14:54:25.282 [FXGL Background Thread 2 ] INFO  FXGLApplication      - Game initialization took: 0.001 sec
14:54:25.285 [JavaFX Application Thread] DEBUG Input                - Clearing active input actions
14:54:25.287 [JavaFX Application Thread] DEBUG GameApplicationServi - Removing overlay from FXGLLoadingScene and adding to GameScene
14:54:25.287 [JavaFX Application Thread] DEBUG PrimaryStageWindow   - FXGLLoadingScene -> GameScene
14:54:31.853 [JavaFX Application Thread] DEBUG GameApplicationServi - Starting new game
14:54:31.853 [JavaFX Application Thread] DEBUG Input                - Clearing active input actions
14:54:31.854 [JavaFX Application Thread] DEBUG GameApplicationServi - Removing overlay from GameScene and adding to FXGLLoadingScene
14:54:31.854 [JavaFX Application Thread] DEBUG PrimaryStageWindow   - GameScene -> FXGLLoadingScene
14:54:31.854 [JavaFX Application Thread] DEBUG GameApplicationServi - Clearing previous game
14:54:31.854 [JavaFX Application Thread] DEBUG GameScene            - Clearing game scene
14:54:31.854 [JavaFX Application Thread] DEBUG GameWorld            - Clearing game world
14:54:31.855 [JavaFX Application Thread] DEBUG PhysicsWorld         - Clearing physics world
14:54:31.855 [FXGL Background Thread 2 ] DEBUG FXGLApplication      - Initializing game
14:54:31.856 [FXGL Background Thread 2 ] WARN  FXGLAssetLoaderServi - Asset "/assets/textures/bird.png" was not found!
14:54:31.856 [FXGL Background Thread 2 ] WARN  FXGLAssetLoaderServi - Failed to load IMAGE
14:54:31.856 [FXGL Background Thread 2 ] INFO  FXGLApplication      - Game initialization took: 0.001 sec
14:54:31.868 [JavaFX Application Thread] DEBUG Input                - Clearing active input actions
14:54:31.870 [JavaFX Application Thread] DEBUG GameApplicationServi - Removing overlay from FXGLLoadingScene and adding to GameScene
14:54:31.870 [JavaFX Application Thread] DEBUG PrimaryStageWindow   - FXGLLoadingScene -> GameScene
14:54:33.577 [JavaFX Application Thread] DEBUG FXGLApplication      - Exiting FXGL
14:54:33.577 [JavaFX Application Thread] DEBUG LoopRunner           - Stopping loop
14:54:33.577 [JavaFX Application Thread] DEBUG SystemBundleService  - Saving FXGL system data
14:54:33.579 [JavaFX Application Thread] DEBUG FileSystemAccess     - Writing to: D:\UI\project\Y2\CS223\1\game\DashDash\system\fxgl.bundle
14:54:33.581 [JavaFX Application Thread] DEBUG Async                - Shutting down background threads
14:54:33.581 [JavaFX Application Thread] DEBUG PrimaryStageWindow   - Closing main window
14:54:33.591 [JavaFX Application Thread] DEBUG Logger               - Closing Logger
