13:48:28.797 [main                     ] DEBUG Logger               - Configured Logger
13:48:28.802 [main                     ] DEBUG GameApplication      - Logging settings
Title: DashDash
Version: 0.0.1
Width: 1280
Height: 720
Fullscreen: false
Intro: false
Profiling: false
Single step:false
App Mode: DEVELOPER
Menu Key: ESCAPE
Stage Style: DECORATED
Scene Factory: class com.almasb.fxgl.app.scene.SceneFactory

13:48:29.096 [JavaFX Application Thread] DEBUG FXGLApplication      - Initializing FXGL
13:48:29.099 [JavaFX Application Thread] INFO  Engine               - FXGL-17.3 (30.03.2023 11.49) on WINDOWS (J:25.0.1 FX:21.0.6)
13:48:29.100 [JavaFX Application Thread] DEBUG Engine               - JRE Vendor Name: Eclipse Adoptium
13:48:29.100 [JavaFX Application Thread] DEBUG Engine               - Running on OS: Windows 11 version 10.0
13:48:29.100 [JavaFX Application Thread] DEBUG Engine               - Architecture: amd64
13:48:29.100 [JavaFX Application Thread] INFO  Engine               - Source code and latest versions at: https://github.com/AlmasB/FXGL
13:48:29.100 [JavaFX Application Thread] INFO  Engine               -       Ask questions and discuss at: https://github.com/AlmasB/FXGL/discussions
13:48:29.100 [JavaFX Application Thread] INFO  Engine               -              Join the FXGL chat at: https://gitter.im/AlmasB/FXGL
13:48:29.165 [JavaFX Application Thread] DEBUG PrimaryStageWindow   - Creating a JavaFX scene
13:48:29.198 [JavaFX Application Thread] DEBUG PrimaryStageWindow   - Target settings size: 1280.0 x 720.0
13:48:29.198 [JavaFX Application Thread] DEBUG PrimaryStageWindow   - Scaled scene size:    1280.0 x 720.0
13:48:29.198 [JavaFX Application Thread] DEBUG PrimaryStageWindow   - Scaled ratio: (1.0, 1.0)
13:48:29.199 [JavaFX Application Thread] DEBUG PrimaryStageWindow   - Set initial scene to FXGLStartupScene
13:48:29.200 [JavaFX Application Thread] DEBUG PrimaryStageWindow   - Opening main window
13:48:29.286 [JavaFX Application Thread] DEBUG PrimaryStageWindow   - Window border size: (14.6666259765625, 37.33331298828125)
13:48:29.286 [JavaFX Application Thread] DEBUG PrimaryStageWindow   - Scaled size: 1280.0 x 720.0
13:48:29.286 [JavaFX Application Thread] DEBUG PrimaryStageWindow   - Scaled ratio: (1.0, 1.0)
13:48:29.286 [JavaFX Application Thread] DEBUG PrimaryStageWindow   - Scene size: 1280.0 x 720.0
13:48:29.286 [JavaFX Application Thread] DEBUG PrimaryStageWindow   - Stage size: 1294.6666259765625 x 757.3333129882812
13:48:29.291 [FXGL Background Thread 1 ] DEBUG Engine               - Initializing environment variables
13:48:29.332 [FXGL Background Thread 1 ] DEBUG FXGLAssetLoaderServi - User app class for loading assets: class com.group.game.dashdash.HelloApplication
13:48:29.332 [FXGL Background Thread 1 ] DEBUG GameApplicationServi - Applying CSS: fxgl_dark.css
13:48:29.333 [FXGL Background Thread 1 ] DEBUG FXGLAssetLoaderServi - Loading from file system: jar:file:///C:/Users/U-ser/.m2/repository/com/github/almasb/fxgl/17.3/fxgl-17.3.jar!/fxglassets/ui/css/fxgl_dark.css
13:48:29.362 [FXGL Background Thread 1 ] DEBUG GameApplicationServi - Initializing application scenes
13:48:29.384 [FXGL Background Thread 1 ] DEBUG GameWorld            - Game world initialized
13:48:29.413 [FXGL Background Thread 1 ] DEBUG PhysicsWorld         - Physics world initialized: appHeight=720, physics.ppm=50.0
13:48:29.413 [FXGL Background Thread 1 ] DEBUG PhysicsWorld         - Using strategy: BRUTE_FORCE
13:48:29.416 [FXGL Background Thread 1 ] DEBUG GameScene            - Game scene initialized: 1280x720
13:48:29.423 [FXGL Background Thread 1 ] DEBUG FXGL.DefaultMenu     - createMenuBodyGameMenu()
13:48:29.433 [FXGL Background Thread 1 ] DEBUG FXGL.DefaultMenu     - createOptionsMenu()
13:48:29.439 [FXGL Background Thread 1 ] DEBUG FXGLAssetLoaderServi - Loading from file system: jar:file:///C:/Users/U-ser/.m2/repository/com/github/almasb/fxgl/17.3/fxgl-17.3.jar!/fxglassets/textures/particles/smoke.png
13:48:29.490 [FXGL Background Thread 1 ] DEBUG FXGLAssetLoaderServi - Loading from file system: jar:file:///C:/Users/U-ser/.m2/repository/com/github/almasb/fxgl/17.3/fxgl-17.3.jar!/fxglassets/textures/particles/trace_horizontal.png
13:48:29.505 [FXGL Background Thread 1 ] DEBUG GameApplicationServi - Application scenes initialized
13:48:29.513 [FXGL Background Thread 1 ] DEBUG SystemBundleService  - Loading FXGL system data
13:48:29.515 [FXGL Background Thread 1 ] DEBUG FileSystemAccess     - Reading from: D:\UI\project\Y2\CS223\1\game\DashDash\system\fxgl.bundle
13:48:29.520 [FXGL Background Thread 1 ] DEBUG SystemBundleService  - Bundle FXGL: {}
13:48:29.520 [FXGL Background Thread 1 ] DEBUG UpdaterService       - Checking for updates
13:48:29.523 [FXGL Background Thread 4 ] DEBUG FXGLApplication      - Loading fonts
13:48:29.523 [FXGL Background Thread 1 ] DEBUG FXGLApplication      - Loading default localization
13:48:29.523 [FXGL Background Thread 4 ] DEBUG FXGLAssetLoaderServi - Loading from file system: jar:file:///C:/Users/U-ser/.m2/repository/com/github/almasb/fxgl/17.3/fxgl-17.3.jar!/fxglassets/ui/fonts/VarelaRound-Regular.ttf
13:48:29.523 [FXGL Background Thread 1 ] DEBUG FXGLAssetLoaderServi - Loading from file system: jar:file:///C:/Users/U-ser/.m2/repository/com/github/almasb/fxgl/17.3/fxgl-17.3.jar!/fxglassets/languages/english.lang
13:48:29.536 [FXGL Background Thread 1 ] INFO  FXGLApplication      - FXGL initialization took: 0.244 sec
13:48:29.543 [JavaFX Application Thread] DEBUG Input                - Registered new binding: Jump - Space
13:48:29.544 [JavaFX Application Thread] WARN  FXGLAssetLoaderServi - Asset "/assets/music/bgm.mp3" was not found!
13:48:29.544 [JavaFX Application Thread] WARN  FXGLAssetLoaderServi - Failed to load MUSIC
13:48:29.545 [JavaFX Application Thread] DEBUG AudioPlayer          - Playing music com.almasb.fxgl.audio.Music@668e4de0
13:48:29.546 [JavaFX Application Thread] DEBUG FXGLAssetLoaderServi - Loading from file system: jar:file:///C:/Users/U-ser/.m2/repository/com/github/almasb/fxgl/17.3/fxgl-17.3.jar!/fxglassets/textures/fxgl_icon.png
13:48:29.548 [FXGL Background Thread 4 ] DEBUG FXGLAssetLoaderServi - Loading from file system: jar:file:///C:/Users/U-ser/.m2/repository/com/github/almasb/fxgl/17.3/fxgl-17.3.jar!/fxglassets/ui/fonts/Abel-Regular.ttf
13:48:29.551 [FXGL Background Thread 4 ] DEBUG FXGLAssetLoaderServi - Loading from file system: jar:file:///C:/Users/U-ser/.m2/repository/com/github/almasb/fxgl/17.3/fxgl-17.3.jar!/fxglassets/ui/fonts/TerminalLandMono-Regular.otf
13:48:29.555 [FXGL Background Thread 4 ] DEBUG FXGLAssetLoaderServi - Loading from file system: jar:file:///C:/Users/U-ser/.m2/repository/com/github/almasb/fxgl/17.3/fxgl-17.3.jar!/fxglassets/ui/fonts/Courier-Prime.ttf
13:48:29.558 [JavaFX Application Thread] DEBUG FXGLAssetLoaderServi - Loading from file system: jar:file:///C:/Users/U-ser/.m2/repository/com/github/almasb/fxgl/17.3/fxgl-17.3.jar!/fxglassets/textures/fxgl_default_cursor.png
13:48:29.561 [JavaFX Application Thread] DEBUG Input                - Registered new binding: Screenshot - CTRL+8
13:48:29.561 [JavaFX Application Thread] DEBUG Input                - Registered new binding: System info dump - CTRL+9
13:48:29.562 [JavaFX Application Thread] DEBUG Input                - Registered new binding: Restart - CTRL+R
13:48:29.562 [JavaFX Application Thread] DEBUG Input                - Registered new binding: Toggle Debug Camera - CTRL+7
13:48:29.564 [JavaFX Application Thread] DEBUG LoopRunner           - Starting loop
13:48:29.564 [JavaFX Application Thread] DEBUG LoopRunner           - Initializing JavaFX AnimationTimerLoop
13:48:29.564 [JavaFX Application Thread] DEBUG GameApplicationServi - Starting new game
13:48:29.565 [JavaFX Application Thread] DEBUG Input                - Clearing active input actions
13:48:29.575 [JavaFX Application Thread] DEBUG GameApplicationServi - Removing overlay from FXGLStartupScene and adding to FXGLLoadingScene
13:48:29.576 [JavaFX Application Thread] DEBUG PrimaryStageWindow   - FXGLStartupScene -> FXGLLoadingScene
13:48:29.576 [JavaFX Application Thread] DEBUG GameApplicationServi - Clearing previous game
13:48:29.576 [JavaFX Application Thread] DEBUG GameScene            - Clearing game scene
13:48:29.576 [JavaFX Application Thread] DEBUG GameWorld            - Clearing game world
13:48:29.576 [JavaFX Application Thread] DEBUG PhysicsWorld         - Clearing physics world
13:48:29.577 [FXGL Background Thread 4 ] DEBUG FXGLApplication      - Initializing game
13:48:29.577 [JavaFX Application Thread] DEBUG FXGLApplication      - Registering font factories with UI factory
13:48:29.591 [FXGL Background Thread 4 ] WARN  FXGLAssetLoaderServi - Asset "/assets/textures/bird.png" was not found!
13:48:29.592 [FXGL Background Thread 4 ] WARN  FXGLAssetLoaderServi - Failed to load IMAGE
13:48:29.667 [FXGL Background Thread 4 ] INFO  FXGLApplication      - Game initialization took: 0.089 sec
13:48:29.674 [JavaFX Application Thread] DEBUG Input                - Clearing active input actions
13:48:29.678 [JavaFX Application Thread] DEBUG GameApplicationServi - Removing overlay from FXGLLoadingScene and adding to GameScene
13:48:29.679 [JavaFX Application Thread] DEBUG PrimaryStageWindow   - FXGLLoadingScene -> GameScene
13:48:30.166 [JavaFX Application Thread] WARN  FXGLAssetLoaderServi - Asset "/assets/sounds/jump.wav" was not found!
13:48:30.167 [JavaFX Application Thread] WARN  FXGLAssetLoaderServi - Failed to load SOUND
13:48:30.212 [FXGL Background Thread 2 ] INFO  UpdaterService       - Your current version:  17.3
13:48:30.213 [FXGL Background Thread 2 ] INFO  UpdaterService       - Latest stable version: 21.1
13:48:30.475 [JavaFX Application Thread] WARN  FXGLAssetLoaderServi - Asset "/assets/sounds/jump.wav" was not found!
13:48:30.475 [JavaFX Application Thread] WARN  FXGLAssetLoaderServi - Failed to load SOUND
13:48:30.626 [JavaFX Application Thread] WARN  FXGLAssetLoaderServi - Asset "/assets/sounds/jump.wav" was not found!
13:48:30.626 [JavaFX Application Thread] WARN  FXGLAssetLoaderServi - Failed to load SOUND
13:48:30.780 [JavaFX Application Thread] WARN  FXGLAssetLoaderServi - Asset "/assets/sounds/jump.wav" was not found!
13:48:30.780 [JavaFX Application Thread] WARN  FXGLAssetLoaderServi - Failed to load SOUND
13:48:32.283 [JavaFX Application Thread] WARN  FXGLAssetLoaderServi - Asset "/assets/sounds/jump.wav" was not found!
13:48:32.284 [JavaFX Application Thread] WARN  FXGLAssetLoaderServi - Failed to load SOUND
13:48:32.522 [FXGL Background Thread 3 ] DEBUG Engine               - Logging environment variables
13:48:32.522 [FXGL Background Thread 3 ] DEBUG Engine               - achievements: []
13:48:32.522 [FXGL Background Thread 3 ] DEBUG Engine               - actualHeight: 720.0
13:48:32.522 [FXGL Background Thread 3 ] DEBUG Engine               - actualHeightProperty: ReadOnlyDoubleProperty [value: 720.0]
13:48:32.522 [FXGL Background Thread 3 ] DEBUG Engine               - actualWidth: 1280.0
13:48:32.522 [FXGL Background Thread 3 ] DEBUG Engine               - actualWidthProperty: ReadOnlyDoubleProperty [value: 1280.0]
13:48:32.522 [FXGL Background Thread 3 ] DEBUG Engine               - appIcon: fxgl_icon.png
13:48:32.522 [FXGL Background Thread 3 ] DEBUG Engine               - applicationMode: DEVELOPER
13:48:32.522 [FXGL Background Thread 3 ] DEBUG Engine               - cSSList: [fxgl_dark.css]
13:48:32.522 [FXGL Background Thread 3 ] DEBUG Engine               - collisionDetectionStrategy: BRUTE_FORCE
13:48:32.522 [FXGL Background Thread 3 ] DEBUG Engine               - configClass: Optional.empty
13:48:32.522 [FXGL Background Thread 3 ] DEBUG Engine               - credits: []
13:48:32.522 [FXGL Background Thread 3 ] DEBUG Engine               - defaultCursor: CursorInfo(imageName=fxgl_default_cursor.png, hotspotX=7.0, hotspotY=6.0)
13:48:32.523 [FXGL Background Thread 3 ] DEBUG Engine               - devBBoxColorProperty: ObjectProperty [value: 0xff0000ff]
13:48:32.523 [FXGL Background Thread 3 ] DEBUG Engine               - devEnableDebugCameraProperty: BooleanProperty [value: false]
13:48:32.523 [FXGL Background Thread 3 ] DEBUG Engine               - devSensorColorProperty: ObjectProperty [value: 0xffff00ff]
13:48:32.523 [FXGL Background Thread 3 ] DEBUG Engine               - devShowBBoxProperty: BooleanProperty [value: false]
13:48:32.523 [FXGL Background Thread 3 ] DEBUG Engine               - devShowPositionProperty: BooleanProperty [value: false]
13:48:32.523 [FXGL Background Thread 3 ] DEBUG Engine               - enabledMenuItems: []
13:48:32.523 [FXGL Background Thread 3 ] DEBUG Engine               - engineServices: [class com.almasb.fxgl.app.services.FXGLAssetLoaderService, class com.almasb.fxgl.app.FXGLApplication$GameApplicationService, class com.almasb.fxgl.app.services.FXGLDialogService, class com.almasb.fxgl.app.services.IOTaskExecutorService, class com.almasb.fxgl.io.FileSystemService, class com.almasb.fxgl.localization.LocalizationService, class com.almasb.fxgl.app.services.SystemBundleService, class com.almasb.fxgl.profile.SaveLoadService, class com.almasb.fxgl.ui.FXGLUIFactoryServiceProvider, class com.almasb.fxgl.ui.FXGLDialogFactoryServiceProvider, class com.almasb.fxgl.audio.AudioPlayer, class com.almasb.fxgl.notification.impl.NotificationServiceProvider, class com.almasb.fxgl.achievement.AchievementService, class com.almasb.fxgl.cutscene.CutsceneService, class com.almasb.fxgl.minigames.MiniGameService, class com.almasb.fxgl.net.NetService, class com.almasb.fxgl.app.services.UpdaterService, class com.almasb.fxgl.dev.DevService]
13:48:32.523 [FXGL Background Thread 3 ] DEBUG Engine               - fontGame: Abel-Regular.ttf
13:48:32.523 [FXGL Background Thread 3 ] DEBUG Engine               - fontMono: TerminalLandMono-Regular.otf
13:48:32.523 [FXGL Background Thread 3 ] DEBUG Engine               - fontSizeScaleUI: 1.0
13:48:32.523 [FXGL Background Thread 3 ] DEBUG Engine               - fontText: Courier-Prime.ttf
13:48:32.523 [FXGL Background Thread 3 ] DEBUG Engine               - fontUI: VarelaRound-Regular.ttf
13:48:32.523 [FXGL Background Thread 3 ] DEBUG Engine               - fullScreen: BooleanProperty [value: false]
13:48:32.523 [FXGL Background Thread 3 ] DEBUG Engine               - gameDifficulty: MEDIUM
13:48:32.523 [FXGL Background Thread 3 ] DEBUG Engine               - gameDifficultyProperty: ObjectProperty [value: MEDIUM]
13:48:32.523 [FXGL Background Thread 3 ] DEBUG Engine               - globalMusicVolume: 0.5
13:48:32.523 [FXGL Background Thread 3 ] DEBUG Engine               - globalMusicVolumeProperty: DoubleProperty [value: 0.5]
13:48:32.523 [FXGL Background Thread 3 ] DEBUG Engine               - globalSoundVolume: 0.5
13:48:32.523 [FXGL Background Thread 3 ] DEBUG Engine               - globalSoundVolumeProperty: DoubleProperty [value: 0.5]
13:48:32.523 [FXGL Background Thread 3 ] DEBUG Engine               - height: 720
13:48:32.523 [FXGL Background Thread 3 ] DEBUG Engine               - is3D: false
13:48:32.523 [FXGL Background Thread 3 ] DEBUG Engine               - isAndroid: false
13:48:32.523 [FXGL Background Thread 3 ] DEBUG Engine               - isBrowser: false
13:48:32.523 [FXGL Background Thread 3 ] DEBUG Engine               - isClickFeedbackEnabled: false
13:48:32.523 [FXGL Background Thread 3 ] DEBUG Engine               - isCloseConfirmation: false
13:48:32.523 [FXGL Background Thread 3 ] DEBUG Engine               - isDesktop: true
13:48:32.523 [FXGL Background Thread 3 ] DEBUG Engine               - isDeveloperMenuEnabled: false
13:48:32.523 [FXGL Background Thread 3 ] DEBUG Engine               - isEmbedded: false
13:48:32.523 [FXGL Background Thread 3 ] DEBUG Engine               - isEntityPreloadEnabled: true
13:48:32.523 [FXGL Background Thread 3 ] DEBUG Engine               - isExperimentalTiledLargeMap: false
13:48:32.524 [FXGL Background Thread 3 ] DEBUG Engine               - isFileSystemWriteAllowed: true
13:48:32.524 [FXGL Background Thread 3 ] DEBUG Engine               - isFullScreenAllowed: false
13:48:32.524 [FXGL Background Thread 3 ] DEBUG Engine               - isFullScreenFromStart: false
13:48:32.524 [FXGL Background Thread 3 ] DEBUG Engine               - isGameMenuEnabled: true
13:48:32.524 [FXGL Background Thread 3 ] DEBUG Engine               - isIOS: false
13:48:32.524 [FXGL Background Thread 3 ] DEBUG Engine               - isIntroEnabled: false
13:48:32.524 [FXGL Background Thread 3 ] DEBUG Engine               - isLinux: false
13:48:32.524 [FXGL Background Thread 3 ] DEBUG Engine               - isMac: false
13:48:32.524 [FXGL Background Thread 3 ] DEBUG Engine               - isMainMenuEnabled: false
13:48:32.524 [FXGL Background Thread 3 ] DEBUG Engine               - isManualResizeEnabled: false
13:48:32.524 [FXGL Background Thread 3 ] DEBUG Engine               - isMobile: false
13:48:32.524 [FXGL Background Thread 3 ] DEBUG Engine               - isNative: false
13:48:32.524 [FXGL Background Thread 3 ] DEBUG Engine               - isPauseMusicWhenMinimized: true
13:48:32.524 [FXGL Background Thread 3 ] DEBUG Engine               - isPreserveResizeRatio: false
13:48:32.524 [FXGL Background Thread 3 ] DEBUG Engine               - isProfilingEnabled: false
13:48:32.524 [FXGL Background Thread 3 ] DEBUG Engine               - isScaleAffectedOnResize: true
13:48:32.524 [FXGL Background Thread 3 ] DEBUG Engine               - isSingleStep: false
13:48:32.524 [FXGL Background Thread 3 ] DEBUG Engine               - isUserProfileEnabled: false
13:48:32.524 [FXGL Background Thread 3 ] DEBUG Engine               - isWindows: true
13:48:32.524 [FXGL Background Thread 3 ] DEBUG Engine               - language: ObjectProperty [value: ENGLISH]
13:48:32.524 [FXGL Background Thread 3 ] DEBUG Engine               - menuKey: ESCAPE
13:48:32.524 [FXGL Background Thread 3 ] DEBUG Engine               - mouseSensitivity: 0.2
13:48:32.524 [FXGL Background Thread 3 ] DEBUG Engine               - notificationViewClass: class com.almasb.fxgl.notification.view.XboxNotificationView
13:48:32.524 [FXGL Background Thread 3 ] DEBUG Engine               - pixelsPerMeter: 50.0
13:48:32.524 [FXGL Background Thread 3 ] DEBUG Engine               - platform: WINDOWS
13:48:32.524 [FXGL Background Thread 3 ] DEBUG Engine               - prefHeightProperty: ReadOnlyDoubleProperty [value: 720.0]
13:48:32.524 [FXGL Background Thread 3 ] DEBUG Engine               - prefWidthProperty: ReadOnlyDoubleProperty [value: 1280.0]
13:48:32.524 [FXGL Background Thread 3 ] DEBUG Engine               - profileDir: profiles/
13:48:32.524 [FXGL Background Thread 3 ] DEBUG Engine               - profileName: StringProperty [value: DEFAULT]
13:48:32.524 [FXGL Background Thread 3 ] DEBUG Engine               - randomSeed: -1
13:48:32.524 [FXGL Background Thread 3 ] DEBUG Engine               - runtimeInfo: RuntimeInfo(platform=WINDOWS, version=17.3, build=30.03.2023 11.49)
13:48:32.524 [FXGL Background Thread 3 ] DEBUG Engine               - saveFileExt: sav
13:48:32.524 [FXGL Background Thread 3 ] DEBUG Engine               - scaledHeightProp$fxgl: DoubleProperty [bound, value: 720.0]
13:48:32.524 [FXGL Background Thread 3 ] DEBUG Engine               - scaledWidthProp$fxgl: DoubleProperty [bound, value: 1280.0]
13:48:32.524 [FXGL Background Thread 3 ] DEBUG Engine               - sceneFactory: com.almasb.fxgl.app.scene.SceneFactory@49a1393d
13:48:32.524 [FXGL Background Thread 3 ] DEBUG Engine               - secondsIn24h: 60
13:48:32.524 [FXGL Background Thread 3 ] DEBUG Engine               - soundMenuBack: menu/back.wav
13:48:32.524 [FXGL Background Thread 3 ] DEBUG Engine               - soundMenuPress: menu/press.wav
13:48:32.524 [FXGL Background Thread 3 ] DEBUG Engine               - soundMenuSelect: menu/select.wav
13:48:32.524 [FXGL Background Thread 3 ] DEBUG Engine               - soundNotification: core/notification.wav
13:48:32.524 [FXGL Background Thread 3 ] DEBUG Engine               - stageStyle: DECORATED
13:48:32.524 [FXGL Background Thread 3 ] DEBUG Engine               - supportedLanguages: [ENGLISH, FRENCH, GERMAN, HUNGARIAN, RUSSIAN]
13:48:32.525 [FXGL Background Thread 3 ] DEBUG Engine               - ticksPerSecond: -1
13:48:32.525 [FXGL Background Thread 3 ] DEBUG Engine               - title: DashDash
13:48:32.525 [FXGL Background Thread 3 ] DEBUG Engine               - urlGithub: https://github.com/AlmasB/FXGL
13:48:32.525 [FXGL Background Thread 3 ] DEBUG Engine               - urlLeaderboard: http://fxgl-top.herokuapp.com/
13:48:32.525 [FXGL Background Thread 3 ] DEBUG Engine               - urlPOM: https://raw.githubusercontent.com/AlmasB/FXGL/release/README.md
13:48:32.525 [FXGL Background Thread 3 ] DEBUG Engine               - userAppClass: class com.group.game.dashdash.HelloApplication
13:48:32.525 [FXGL Background Thread 3 ] DEBUG Engine               - version: 0.0.1
13:48:32.525 [FXGL Background Thread 3 ] DEBUG Engine               - versionCheckDays: 7
13:48:32.525 [FXGL Background Thread 3 ] DEBUG Engine               - width: 1280
13:48:32.525 [FXGL Background Thread 3 ] DEBUG Engine               - Logging services
13:48:32.525 [FXGL Background Thread 3 ] DEBUG Engine               - class com.almasb.fxgl.app.services.FXGLAssetLoaderService
13:48:32.525 [FXGL Background Thread 3 ] DEBUG Engine               - class com.almasb.fxgl.app.FXGLApplication$GameApplicationService
13:48:32.525 [FXGL Background Thread 3 ] DEBUG Engine               - class com.almasb.fxgl.app.services.FXGLDialogService
13:48:32.525 [FXGL Background Thread 3 ] DEBUG Engine               - class com.almasb.fxgl.app.services.IOTaskExecutorService
13:48:32.525 [FXGL Background Thread 3 ] DEBUG Engine               - class com.almasb.fxgl.io.FileSystemService
13:48:32.525 [FXGL Background Thread 3 ] DEBUG Engine               - class com.almasb.fxgl.localization.LocalizationService
13:48:32.525 [FXGL Background Thread 3 ] DEBUG Engine               - class com.almasb.fxgl.app.services.SystemBundleService
13:48:32.525 [FXGL Background Thread 3 ] DEBUG Engine               - class com.almasb.fxgl.profile.SaveLoadService
13:48:32.525 [FXGL Background Thread 3 ] DEBUG Engine               - class com.almasb.fxgl.ui.FXGLUIFactoryServiceProvider
13:48:32.525 [FXGL Background Thread 3 ] DEBUG Engine               - class com.almasb.fxgl.ui.FXGLDialogFactoryServiceProvider
13:48:32.525 [FXGL Background Thread 3 ] DEBUG Engine               - class com.almasb.fxgl.audio.AudioPlayer
13:48:32.525 [FXGL Background Thread 3 ] DEBUG Engine               - class com.almasb.fxgl.notification.impl.NotificationServiceProvider
13:48:32.525 [FXGL Background Thread 3 ] DEBUG Engine               - class com.almasb.fxgl.achievement.AchievementService
13:48:32.525 [FXGL Background Thread 3 ] DEBUG Engine               - class com.almasb.fxgl.cutscene.CutsceneService
13:48:32.525 [FXGL Background Thread 3 ] DEBUG Engine               - class com.almasb.fxgl.minigames.MiniGameService
13:48:32.525 [FXGL Background Thread 3 ] DEBUG Engine               - class com.almasb.fxgl.net.NetService
13:48:32.525 [FXGL Background Thread 3 ] DEBUG Engine               - class com.almasb.fxgl.app.services.UpdaterService
13:48:32.525 [FXGL Background Thread 3 ] DEBUG Engine               - class com.almasb.fxgl.dev.DevService
13:48:32.671 [JavaFX Application Thread] WARN  FXGLAssetLoaderServi - Asset "/assets/sounds/jump.wav" was not found!
13:48:32.671 [JavaFX Application Thread] WARN  FXGLAssetLoaderServi - Failed to load SOUND
13:48:32.874 [JavaFX Application Thread] WARN  FXGLAssetLoaderServi - Asset "/assets/sounds/jump.wav" was not found!
13:48:32.874 [JavaFX Application Thread] WARN  FXGLAssetLoaderServi - Failed to load SOUND
13:48:33.142 [JavaFX Application Thread] WARN  FXGLAssetLoaderServi - Asset "/assets/sounds/jump.wav" was not found!
13:48:33.142 [JavaFX Application Thread] WARN  FXGLAssetLoaderServi - Failed to load SOUND
13:48:33.307 [JavaFX Application Thread] WARN  FXGLAssetLoaderServi - Asset "/assets/sounds/jump.wav" was not found!
13:48:33.308 [JavaFX Application Thread] WARN  FXGLAssetLoaderServi - Failed to load SOUND
13:48:33.425 [JavaFX Application Thread] WARN  FXGLAssetLoaderServi - Asset "/assets/sounds/jump.wav" was not found!
13:48:33.425 [JavaFX Application Thread] WARN  FXGLAssetLoaderServi - Failed to load SOUND
13:48:33.596 [JavaFX Application Thread] WARN  FXGLAssetLoaderServi - Asset "/assets/sounds/jump.wav" was not found!
13:48:33.596 [JavaFX Application Thread] WARN  FXGLAssetLoaderServi - Failed to load SOUND
13:48:33.774 [JavaFX Application Thread] WARN  FXGLAssetLoaderServi - Asset "/assets/sounds/jump.wav" was not found!
13:48:33.774 [JavaFX Application Thread] WARN  FXGLAssetLoaderServi - Failed to load SOUND
13:48:33.908 [JavaFX Application Thread] WARN  FXGLAssetLoaderServi - Asset "/assets/sounds/jump.wav" was not found!
13:48:33.908 [JavaFX Application Thread] WARN  FXGLAssetLoaderServi - Failed to load SOUND
13:48:36.303 [JavaFX Application Thread] DEBUG GameApplicationServi - Starting new game
13:48:36.303 [JavaFX Application Thread] DEBUG Input                - Clearing active input actions
13:48:36.307 [JavaFX Application Thread] DEBUG GameApplicationServi - Removing overlay from GameScene and adding to FXGLLoadingScene
13:48:36.308 [JavaFX Application Thread] DEBUG PrimaryStageWindow   - GameScene -> FXGLLoadingScene
13:48:36.308 [JavaFX Application Thread] DEBUG GameApplicationServi - Clearing previous game
13:48:36.308 [JavaFX Application Thread] DEBUG GameScene            - Clearing game scene
13:48:36.308 [JavaFX Application Thread] DEBUG GameWorld            - Clearing game world
13:48:36.311 [JavaFX Application Thread] DEBUG PhysicsWorld         - Clearing physics world
13:48:36.312 [FXGL Background Thread 2 ] DEBUG FXGLApplication      - Initializing game
13:48:36.313 [FXGL Background Thread 2 ] WARN  FXGLAssetLoaderServi - Asset "/assets/textures/bird.png" was not found!
13:48:36.313 [FXGL Background Thread 2 ] WARN  FXGLAssetLoaderServi - Failed to load IMAGE
13:48:36.314 [FXGL Background Thread 2 ] INFO  FXGLApplication      - Game initialization took: 0.002 sec
13:48:36.315 [JavaFX Application Thread] DEBUG Input                - Clearing active input actions
13:48:36.318 [JavaFX Application Thread] DEBUG GameApplicationServi - Removing overlay from FXGLLoadingScene and adding to GameScene
13:48:36.318 [JavaFX Application Thread] DEBUG PrimaryStageWindow   - FXGLLoadingScene -> GameScene
13:48:38.341 [JavaFX Application Thread] WARN  FXGLAssetLoaderServi - Asset "/assets/sounds/jump.wav" was not found!
13:48:38.341 [JavaFX Application Thread] WARN  FXGLAssetLoaderServi - Failed to load SOUND
13:48:39.378 [JavaFX Application Thread] WARN  FXGLAssetLoaderServi - Asset "/assets/sounds/jump.wav" was not found!
13:48:39.378 [JavaFX Application Thread] WARN  FXGLAssetLoaderServi - Failed to load SOUND
13:48:40.442 [JavaFX Application Thread] WARN  FXGLAssetLoaderServi - Asset "/assets/sounds/jump.wav" was not found!
13:48:40.442 [JavaFX Application Thread] WARN  FXGLAssetLoaderServi - Failed to load SOUND
13:48:40.651 [JavaFX Application Thread] WARN  FXGLAssetLoaderServi - Asset "/assets/sounds/jump.wav" was not found!
13:48:40.651 [JavaFX Application Thread] WARN  FXGLAssetLoaderServi - Failed to load SOUND
13:48:42.626 [JavaFX Application Thread] WARN  FXGLAssetLoaderServi - Asset "/assets/sounds/jump.wav" was not found!
13:48:42.626 [JavaFX Application Thread] WARN  FXGLAssetLoaderServi - Failed to load SOUND
13:48:42.794 [JavaFX Application Thread] WARN  FXGLAssetLoaderServi - Asset "/assets/sounds/jump.wav" was not found!
13:48:42.794 [JavaFX Application Thread] WARN  FXGLAssetLoaderServi - Failed to load SOUND
13:48:43.724 [JavaFX Application Thread] WARN  FXGLAssetLoaderServi - Asset "/assets/sounds/jump.wav" was not found!
13:48:43.724 [JavaFX Application Thread] WARN  FXGLAssetLoaderServi - Failed to load SOUND
13:48:43.898 [JavaFX Application Thread] WARN  FXGLAssetLoaderServi - Asset "/assets/sounds/jump.wav" was not found!
13:48:43.898 [JavaFX Application Thread] WARN  FXGLAssetLoaderServi - Failed to load SOUND
13:48:44.076 [JavaFX Application Thread] WARN  FXGLAssetLoaderServi - Asset "/assets/sounds/jump.wav" was not found!
13:48:44.076 [JavaFX Application Thread] WARN  FXGLAssetLoaderServi - Failed to load SOUND
13:48:45.357 [JavaFX Application Thread] WARN  FXGLAssetLoaderServi - Asset "/assets/sounds/jump.wav" was not found!
13:48:45.357 [JavaFX Application Thread] WARN  FXGLAssetLoaderServi - Failed to load SOUND
13:48:50.431 [JavaFX Application Thread] DEBUG GameApplicationServi - Starting new game
13:48:50.431 [JavaFX Application Thread] DEBUG Input                - Clearing active input actions
13:48:50.434 [JavaFX Application Thread] DEBUG GameApplicationServi - Removing overlay from GameScene and adding to FXGLLoadingScene
13:48:50.434 [JavaFX Application Thread] DEBUG PrimaryStageWindow   - GameScene -> FXGLLoadingScene
13:48:50.434 [JavaFX Application Thread] DEBUG GameApplicationServi - Clearing previous game
13:48:50.434 [JavaFX Application Thread] DEBUG GameScene            - Clearing game scene
13:48:50.434 [JavaFX Application Thread] DEBUG GameWorld            - Clearing game world
13:48:50.435 [JavaFX Application Thread] DEBUG PhysicsWorld         - Clearing physics world
13:48:50.436 [FXGL Background Thread 2 ] DEBUG FXGLApplication      - Initializing game
13:48:50.437 [FXGL Background Thread 2 ] WARN  FXGLAssetLoaderServi - Asset "/assets/textures/bird.png" was not found!
13:48:50.437 [FXGL Background Thread 2 ] WARN  FXGLAssetLoaderServi - Failed to load IMAGE
13:48:50.438 [FXGL Background Thread 2 ] INFO  FXGLApplication      - Game initialization took: 0.002 sec
13:48:50.445 [JavaFX Application Thread] DEBUG Input                - Clearing active input actions
13:48:50.447 [JavaFX Application Thread] DEBUG GameApplicationServi - Removing overlay from FXGLLoadingScene and adding to GameScene
13:48:50.447 [JavaFX Application Thread] DEBUG PrimaryStageWindow   - FXGLLoadingScene -> GameScene
13:48:56.824 [JavaFX Application Thread] WARN  FXGLAssetLoaderServi - Asset "/assets/sounds/jump.wav" was not found!
13:48:56.824 [JavaFX Application Thread] WARN  FXGLAssetLoaderServi - Failed to load SOUND
13:48:57.087 [JavaFX Application Thread] DEBUG GameApplicationServi - Starting new game
13:48:57.087 [JavaFX Application Thread] DEBUG Input                - Clearing active input actions
13:48:57.089 [JavaFX Application Thread] DEBUG GameApplicationServi - Removing overlay from GameScene and adding to FXGLLoadingScene
13:48:57.089 [JavaFX Application Thread] DEBUG PrimaryStageWindow   - GameScene -> FXGLLoadingScene
13:48:57.089 [JavaFX Application Thread] DEBUG GameApplicationServi - Clearing previous game
13:48:57.089 [JavaFX Application Thread] DEBUG GameScene            - Clearing game scene
13:48:57.089 [JavaFX Application Thread] DEBUG GameWorld            - Clearing game world
13:48:57.090 [JavaFX Application Thread] DEBUG PhysicsWorld         - Clearing physics world
13:48:57.090 [FXGL Background Thread 2 ] DEBUG FXGLApplication      - Initializing game
13:48:57.091 [FXGL Background Thread 2 ] WARN  FXGLAssetLoaderServi - Asset "/assets/textures/bird.png" was not found!
13:48:57.091 [FXGL Background Thread 2 ] WARN  FXGLAssetLoaderServi - Failed to load IMAGE
13:48:57.092 [FXGL Background Thread 2 ] INFO  FXGLApplication      - Game initialization took: 0.001 sec
13:48:57.093 [JavaFX Application Thread] DEBUG Input                - Clearing active input actions
13:48:57.095 [JavaFX Application Thread] DEBUG GameApplicationServi - Removing overlay from FXGLLoadingScene and adding to GameScene
13:48:57.095 [JavaFX Application Thread] DEBUG PrimaryStageWindow   - FXGLLoadingScene -> GameScene
13:48:57.192 [JavaFX Application Thread] WARN  FXGLAssetLoaderServi - Asset "/assets/sounds/jump.wav" was not found!
13:48:57.192 [JavaFX Application Thread] WARN  FXGLAssetLoaderServi - Failed to load SOUND
13:48:57.393 [JavaFX Application Thread] WARN  FXGLAssetLoaderServi - Asset "/assets/sounds/jump.wav" was not found!
13:48:57.393 [JavaFX Application Thread] WARN  FXGLAssetLoaderServi - Failed to load SOUND
13:48:57.992 [JavaFX Application Thread] WARN  FXGLAssetLoaderServi - Asset "/assets/sounds/jump.wav" was not found!
13:48:57.992 [JavaFX Application Thread] WARN  FXGLAssetLoaderServi - Failed to load SOUND
13:48:59.545 [JavaFX Application Thread] WARN  FXGLAssetLoaderServi - Asset "/assets/sounds/jump.wav" was not found!
13:48:59.545 [JavaFX Application Thread] WARN  FXGLAssetLoaderServi - Failed to load SOUND
13:49:01.161 [JavaFX Application Thread] WARN  FXGLAssetLoaderServi - Asset "/assets/sounds/jump.wav" was not found!
13:49:01.161 [JavaFX Application Thread] WARN  FXGLAssetLoaderServi - Failed to load SOUND
13:49:01.866 [JavaFX Application Thread] WARN  FXGLAssetLoaderServi - Asset "/assets/sounds/jump.wav" was not found!
13:49:01.866 [JavaFX Application Thread] WARN  FXGLAssetLoaderServi - Failed to load SOUND
13:49:02.269 [JavaFX Application Thread] WARN  FXGLAssetLoaderServi - Asset "/assets/sounds/jump.wav" was not found!
13:49:02.269 [JavaFX Application Thread] WARN  FXGLAssetLoaderServi - Failed to load SOUND
13:49:02.675 [JavaFX Application Thread] WARN  FXGLAssetLoaderServi - Asset "/assets/sounds/jump.wav" was not found!
13:49:02.675 [JavaFX Application Thread] WARN  FXGLAssetLoaderServi - Failed to load SOUND
13:49:03.728 [JavaFX Application Thread] DEBUG GameApplicationServi - Starting new game
13:49:03.728 [JavaFX Application Thread] DEBUG Input                - Clearing active input actions
13:49:03.730 [JavaFX Application Thread] DEBUG GameApplicationServi - Removing overlay from GameScene and adding to FXGLLoadingScene
13:49:03.730 [JavaFX Application Thread] DEBUG PrimaryStageWindow   - GameScene -> FXGLLoadingScene
13:49:03.730 [JavaFX Application Thread] DEBUG GameApplicationServi - Clearing previous game
13:49:03.730 [JavaFX Application Thread] DEBUG GameScene            - Clearing game scene
13:49:03.730 [JavaFX Application Thread] DEBUG GameWorld            - Clearing game world
13:49:03.731 [JavaFX Application Thread] DEBUG PhysicsWorld         - Clearing physics world
13:49:03.731 [FXGL Background Thread 2 ] DEBUG FXGLApplication      - Initializing game
13:49:03.732 [FXGL Background Thread 2 ] WARN  FXGLAssetLoaderServi - Asset "/assets/textures/bird.png" was not found!
13:49:03.732 [FXGL Background Thread 2 ] WARN  FXGLAssetLoaderServi - Failed to load IMAGE
13:49:03.732 [FXGL Background Thread 2 ] INFO  FXGLApplication      - Game initialization took: 0.001 sec
13:49:03.744 [JavaFX Application Thread] DEBUG Input                - Clearing active input actions
13:49:03.746 [JavaFX Application Thread] DEBUG GameApplicationServi - Removing overlay from FXGLLoadingScene and adding to GameScene
13:49:03.746 [JavaFX Application Thread] DEBUG PrimaryStageWindow   - FXGLLoadingScene -> GameScene
13:49:07.414 [JavaFX Application Thread] DEBUG Input                - Mocking key press: Space
13:49:07.414 [JavaFX Application Thread] WARN  FXGLAssetLoaderServi - Asset "/assets/sounds/jump.wav" was not found!
13:49:07.414 [JavaFX Application Thread] WARN  FXGLAssetLoaderServi - Failed to load SOUND
13:49:07.629 [JavaFX Application Thread] DEBUG Input                - Mocking key release: Space
13:49:10.382 [JavaFX Application Thread] DEBUG GameApplicationServi - Starting new game
13:49:10.382 [JavaFX Application Thread] DEBUG Input                - Clearing active input actions
13:49:10.384 [JavaFX Application Thread] DEBUG GameApplicationServi - Removing overlay from GameScene and adding to FXGLLoadingScene
13:49:10.384 [JavaFX Application Thread] DEBUG PrimaryStageWindow   - GameScene -> FXGLLoadingScene
13:49:10.384 [JavaFX Application Thread] DEBUG GameApplicationServi - Clearing previous game
13:49:10.384 [JavaFX Application Thread] DEBUG GameScene            - Clearing game scene
13:49:10.384 [JavaFX Application Thread] DEBUG GameWorld            - Clearing game world
13:49:10.384 [JavaFX Application Thread] DEBUG PhysicsWorld         - Clearing physics world
13:49:10.385 [FXGL Background Thread 2 ] DEBUG FXGLApplication      - Initializing game
13:49:10.385 [FXGL Background Thread 2 ] WARN  FXGLAssetLoaderServi - Asset "/assets/textures/bird.png" was not found!
13:49:10.385 [FXGL Background Thread 2 ] WARN  FXGLAssetLoaderServi - Failed to load IMAGE
13:49:10.386 [FXGL Background Thread 2 ] INFO  FXGLApplication      - Game initialization took: 0.001 sec
13:49:10.393 [JavaFX Application Thread] DEBUG Input                - Clearing active input actions
13:49:10.395 [JavaFX Application Thread] DEBUG GameApplicationServi - Removing overlay from FXGLLoadingScene and adding to GameScene
13:49:10.395 [JavaFX Application Thread] DEBUG PrimaryStageWindow   - FXGLLoadingScene -> GameScene
13:49:10.426 [JavaFX Application Thread] DEBUG Input                - Mocking key press: Space
13:49:10.426 [JavaFX Application Thread] WARN  FXGLAssetLoaderServi - Asset "/assets/sounds/jump.wav" was not found!
13:49:10.426 [JavaFX Application Thread] WARN  FXGLAssetLoaderServi - Failed to load SOUND
13:49:10.475 [JavaFX Application Thread] DEBUG Input                - Mocking key release: Space
13:49:11.366 [JavaFX Application Thread] DEBUG Input                - Mocking key press: Space
13:49:11.366 [JavaFX Application Thread] WARN  FXGLAssetLoaderServi - Asset "/assets/sounds/jump.wav" was not found!
13:49:11.366 [JavaFX Application Thread] WARN  FXGLAssetLoaderServi - Failed to load SOUND
13:49:11.577 [JavaFX Application Thread] DEBUG Input                - Mocking key release: Space
13:49:13.642 [JavaFX Application Thread] DEBUG Input                - Mocking key press: Space
13:49:13.642 [JavaFX Application Thread] WARN  FXGLAssetLoaderServi - Asset "/assets/sounds/jump.wav" was not found!
13:49:13.642 [JavaFX Application Thread] WARN  FXGLAssetLoaderServi - Failed to load SOUND
13:49:13.852 [JavaFX Application Thread] DEBUG Input                - Mocking key release: Space
13:49:14.349 [JavaFX Application Thread] DEBUG Input                - Mocking key press: Space
13:49:14.349 [JavaFX Application Thread] WARN  FXGLAssetLoaderServi - Asset "/assets/sounds/jump.wav" was not found!
13:49:14.349 [JavaFX Application Thread] WARN  FXGLAssetLoaderServi - Failed to load SOUND
13:49:14.564 [JavaFX Application Thread] DEBUG Input                - Mocking key release: Space
13:49:15.125 [JavaFX Application Thread] DEBUG Input                - Mocking key press: Space
13:49:15.125 [JavaFX Application Thread] WARN  FXGLAssetLoaderServi - Asset "/assets/sounds/jump.wav" was not found!
13:49:15.125 [JavaFX Application Thread] WARN  FXGLAssetLoaderServi - Failed to load SOUND
13:49:15.346 [JavaFX Application Thread] DEBUG Input                - Mocking key release: Space
13:49:16.249 [JavaFX Application Thread] DEBUG Input                - Mocking key press: Space
13:49:16.249 [JavaFX Application Thread] WARN  FXGLAssetLoaderServi - Asset "/assets/sounds/jump.wav" was not found!
13:49:16.249 [JavaFX Application Thread] WARN  FXGLAssetLoaderServi - Failed to load SOUND
13:49:16.462 [JavaFX Application Thread] DEBUG Input                - Mocking key release: Space
13:49:17.111 [JavaFX Application Thread] DEBUG Input                - Mocking key press: Space
13:49:17.112 [JavaFX Application Thread] WARN  FXGLAssetLoaderServi - Asset "/assets/sounds/jump.wav" was not found!
13:49:17.112 [JavaFX Application Thread] WARN  FXGLAssetLoaderServi - Failed to load SOUND
13:49:17.331 [JavaFX Application Thread] DEBUG Input                - Mocking key release: Space
13:49:18.296 [JavaFX Application Thread] DEBUG Input                - Mocking key press: Space
13:49:18.296 [JavaFX Application Thread] WARN  FXGLAssetLoaderServi - Asset "/assets/sounds/jump.wav" was not found!
13:49:18.296 [JavaFX Application Thread] WARN  FXGLAssetLoaderServi - Failed to load SOUND
13:49:18.514 [JavaFX Application Thread] DEBUG Input                - Mocking key release: Space
13:49:18.744 [JavaFX Application Thread] DEBUG Input                - Mocking key press: Space
13:49:18.745 [JavaFX Application Thread] WARN  FXGLAssetLoaderServi - Asset "/assets/sounds/jump.wav" was not found!
13:49:18.745 [JavaFX Application Thread] WARN  FXGLAssetLoaderServi - Failed to load SOUND
13:49:18.961 [JavaFX Application Thread] DEBUG Input                - Mocking key release: Space
13:49:20.078 [JavaFX Application Thread] DEBUG GameApplicationServi - Starting new game
13:49:20.078 [JavaFX Application Thread] DEBUG Input                - Clearing active input actions
13:49:20.080 [JavaFX Application Thread] DEBUG GameApplicationServi - Removing overlay from GameScene and adding to FXGLLoadingScene
13:49:20.080 [JavaFX Application Thread] DEBUG PrimaryStageWindow   - GameScene -> FXGLLoadingScene
13:49:20.080 [JavaFX Application Thread] DEBUG GameApplicationServi - Clearing previous game
13:49:20.080 [JavaFX Application Thread] DEBUG GameScene            - Clearing game scene
13:49:20.080 [JavaFX Application Thread] DEBUG GameWorld            - Clearing game world
13:49:20.080 [JavaFX Application Thread] DEBUG PhysicsWorld         - Clearing physics world
13:49:20.081 [FXGL Background Thread 2 ] DEBUG FXGLApplication      - Initializing game
13:49:20.081 [FXGL Background Thread 2 ] WARN  FXGLAssetLoaderServi - Asset "/assets/textures/bird.png" was not found!
13:49:20.081 [FXGL Background Thread 2 ] WARN  FXGLAssetLoaderServi - Failed to load IMAGE
13:49:20.085 [FXGL Background Thread 2 ] INFO  FXGLApplication      - Game initialization took: 0.005 sec
13:49:20.093 [JavaFX Application Thread] DEBUG Input                - Clearing active input actions
13:49:20.094 [JavaFX Application Thread] DEBUG GameApplicationServi - Removing overlay from FXGLLoadingScene and adding to GameScene
13:49:20.094 [JavaFX Application Thread] DEBUG PrimaryStageWindow   - FXGLLoadingScene -> GameScene
13:49:20.743 [JavaFX Application Thread] DEBUG Input                - Mocking key press: Space
13:49:20.743 [JavaFX Application Thread] WARN  FXGLAssetLoaderServi - Asset "/assets/sounds/jump.wav" was not found!
13:49:20.743 [JavaFX Application Thread] WARN  FXGLAssetLoaderServi - Failed to load SOUND
13:49:20.963 [JavaFX Application Thread] DEBUG Input                - Mocking key release: Space
13:49:24.676 [JavaFX Application Thread] DEBUG Input                - Mocking key press: Space
13:49:24.676 [JavaFX Application Thread] WARN  FXGLAssetLoaderServi - Asset "/assets/sounds/jump.wav" was not found!
13:49:24.676 [JavaFX Application Thread] WARN  FXGLAssetLoaderServi - Failed to load SOUND
13:49:24.893 [JavaFX Application Thread] DEBUG Input                - Mocking key release: Space
13:49:25.209 [JavaFX Application Thread] DEBUG Input                - Mocking key press: Space
13:49:25.209 [JavaFX Application Thread] WARN  FXGLAssetLoaderServi - Asset "/assets/sounds/jump.wav" was not found!
13:49:25.209 [JavaFX Application Thread] WARN  FXGLAssetLoaderServi - Failed to load SOUND
13:49:25.415 [JavaFX Application Thread] DEBUG Input                - Mocking key release: Space
13:49:25.678 [JavaFX Application Thread] DEBUG Input                - Mocking key press: Space
13:49:25.678 [JavaFX Application Thread] WARN  FXGLAssetLoaderServi - Asset "/assets/sounds/jump.wav" was not found!
13:49:25.679 [JavaFX Application Thread] WARN  FXGLAssetLoaderServi - Failed to load SOUND
13:49:25.895 [JavaFX Application Thread] DEBUG Input                - Mocking key release: Space
13:49:26.092 [JavaFX Application Thread] DEBUG Input                - Mocking key press: Space
13:49:26.092 [JavaFX Application Thread] WARN  FXGLAssetLoaderServi - Asset "/assets/sounds/jump.wav" was not found!
13:49:26.092 [JavaFX Application Thread] WARN  FXGLAssetLoaderServi - Failed to load SOUND
13:49:26.296 [JavaFX Application Thread] DEBUG Input                - Mocking key release: Space
13:49:27.247 [JavaFX Application Thread] DEBUG GameApplicationServi - Starting new game
13:49:27.247 [JavaFX Application Thread] DEBUG Input                - Clearing active input actions
13:49:27.249 [JavaFX Application Thread] DEBUG GameApplicationServi - Removing overlay from GameScene and adding to FXGLLoadingScene
13:49:27.249 [JavaFX Application Thread] DEBUG PrimaryStageWindow   - GameScene -> FXGLLoadingScene
13:49:27.249 [JavaFX Application Thread] DEBUG GameApplicationServi - Clearing previous game
13:49:27.249 [JavaFX Application Thread] DEBUG GameScene            - Clearing game scene
13:49:27.249 [JavaFX Application Thread] DEBUG GameWorld            - Clearing game world
13:49:27.249 [JavaFX Application Thread] DEBUG PhysicsWorld         - Clearing physics world
13:49:27.250 [FXGL Background Thread 2 ] DEBUG FXGLApplication      - Initializing game
13:49:27.250 [FXGL Background Thread 2 ] WARN  FXGLAssetLoaderServi - Asset "/assets/textures/bird.png" was not found!
13:49:27.250 [FXGL Background Thread 2 ] WARN  FXGLAssetLoaderServi - Failed to load IMAGE
13:49:27.251 [FXGL Background Thread 2 ] INFO  FXGLApplication      - Game initialization took: 0.001 sec
13:49:27.262 [JavaFX Application Thread] DEBUG Input                - Clearing active input actions
13:49:27.263 [JavaFX Application Thread] DEBUG GameApplicationServi - Removing overlay from FXGLLoadingScene and adding to GameScene
13:49:27.263 [JavaFX Application Thread] DEBUG PrimaryStageWindow   - FXGLLoadingScene -> GameScene
13:49:27.823 [JavaFX Application Thread] DEBUG Input                - Mocking key press: Space
13:49:27.823 [JavaFX Application Thread] WARN  FXGLAssetLoaderServi - Asset "/assets/sounds/jump.wav" was not found!
13:49:27.823 [JavaFX Application Thread] WARN  FXGLAssetLoaderServi - Failed to load SOUND
13:49:28.046 [JavaFX Application Thread] DEBUG Input                - Mocking key release: Space
13:49:33.903 [JavaFX Application Thread] DEBUG GameApplicationServi - Starting new game
13:49:33.903 [JavaFX Application Thread] DEBUG Input                - Clearing active input actions
13:49:33.904 [JavaFX Application Thread] DEBUG GameApplicationServi - Removing overlay from GameScene and adding to FXGLLoadingScene
13:49:33.904 [JavaFX Application Thread] DEBUG PrimaryStageWindow   - GameScene -> FXGLLoadingScene
13:49:33.904 [JavaFX Application Thread] DEBUG GameApplicationServi - Clearing previous game
13:49:33.904 [JavaFX Application Thread] DEBUG GameScene            - Clearing game scene
13:49:33.904 [JavaFX Application Thread] DEBUG GameWorld            - Clearing game world
13:49:33.905 [JavaFX Application Thread] DEBUG PhysicsWorld         - Clearing physics world
13:49:33.905 [FXGL Background Thread 2 ] DEBUG FXGLApplication      - Initializing game
13:49:33.906 [FXGL Background Thread 2 ] WARN  FXGLAssetLoaderServi - Asset "/assets/textures/bird.png" was not found!
13:49:33.906 [FXGL Background Thread 2 ] WARN  FXGLAssetLoaderServi - Failed to load IMAGE
13:49:33.907 [FXGL Background Thread 2 ] INFO  FXGLApplication      - Game initialization took: 0.002 sec
13:49:33.912 [JavaFX Application Thread] DEBUG Input                - Clearing active input actions
13:49:33.913 [JavaFX Application Thread] DEBUG GameApplicationServi - Removing overlay from FXGLLoadingScene and adding to GameScene
13:49:33.913 [JavaFX Application Thread] DEBUG PrimaryStageWindow   - FXGLLoadingScene -> GameScene
13:49:40.543 [JavaFX Application Thread] DEBUG GameApplicationServi - Starting new game
13:49:40.543 [JavaFX Application Thread] DEBUG Input                - Clearing active input actions
13:49:40.545 [JavaFX Application Thread] DEBUG GameApplicationServi - Removing overlay from GameScene and adding to FXGLLoadingScene
13:49:40.545 [JavaFX Application Thread] DEBUG PrimaryStageWindow   - GameScene -> FXGLLoadingScene
13:49:40.545 [JavaFX Application Thread] DEBUG GameApplicationServi - Clearing previous game
13:49:40.545 [JavaFX Application Thread] DEBUG GameScene            - Clearing game scene
13:49:40.545 [JavaFX Application Thread] DEBUG GameWorld            - Clearing game world
13:49:40.545 [JavaFX Application Thread] DEBUG PhysicsWorld         - Clearing physics world
13:49:40.545 [FXGL Background Thread 2 ] DEBUG FXGLApplication      - Initializing game
13:49:40.546 [FXGL Background Thread 2 ] WARN  FXGLAssetLoaderServi - Asset "/assets/textures/bird.png" was not found!
13:49:40.546 [FXGL Background Thread 2 ] WARN  FXGLAssetLoaderServi - Failed to load IMAGE
13:49:40.547 [FXGL Background Thread 2 ] INFO  FXGLApplication      - Game initialization took: 0.001 sec
13:49:40.559 [JavaFX Application Thread] DEBUG Input                - Clearing active input actions
13:49:40.561 [JavaFX Application Thread] DEBUG GameApplicationServi - Removing overlay from FXGLLoadingScene and adding to GameScene
13:49:40.561 [JavaFX Application Thread] DEBUG PrimaryStageWindow   - FXGLLoadingScene -> GameScene
13:49:47.199 [JavaFX Application Thread] DEBUG GameApplicationServi - Starting new game
13:49:47.199 [JavaFX Application Thread] DEBUG Input                - Clearing active input actions
13:49:47.201 [JavaFX Application Thread] DEBUG GameApplicationServi - Removing overlay from GameScene and adding to FXGLLoadingScene
13:49:47.201 [JavaFX Application Thread] DEBUG PrimaryStageWindow   - GameScene -> FXGLLoadingScene
13:49:47.201 [JavaFX Application Thread] DEBUG GameApplicationServi - Clearing previous game
13:49:47.201 [JavaFX Application Thread] DEBUG GameScene            - Clearing game scene
13:49:47.201 [JavaFX Application Thread] DEBUG GameWorld            - Clearing game world
13:49:47.201 [JavaFX Application Thread] DEBUG PhysicsWorld         - Clearing physics world
13:49:47.202 [FXGL Background Thread 2 ] DEBUG FXGLApplication      - Initializing game
13:49:47.202 [FXGL Background Thread 2 ] WARN  FXGLAssetLoaderServi - Asset "/assets/textures/bird.png" was not found!
13:49:47.202 [FXGL Background Thread 2 ] WARN  FXGLAssetLoaderServi - Failed to load IMAGE
13:49:47.203 [FXGL Background Thread 2 ] INFO  FXGLApplication      - Game initialization took: 0.001 sec
13:49:47.211 [JavaFX Application Thread] DEBUG Input                - Clearing active input actions
13:49:47.212 [JavaFX Application Thread] DEBUG GameApplicationServi - Removing overlay from FXGLLoadingScene and adding to GameScene
13:49:47.212 [JavaFX Application Thread] DEBUG PrimaryStageWindow   - FXGLLoadingScene -> GameScene
13:49:53.855 [JavaFX Application Thread] DEBUG GameApplicationServi - Starting new game
13:49:53.855 [JavaFX Application Thread] DEBUG Input                - Clearing active input actions
13:49:53.857 [JavaFX Application Thread] DEBUG GameApplicationServi - Removing overlay from GameScene and adding to FXGLLoadingScene
13:49:53.857 [JavaFX Application Thread] DEBUG PrimaryStageWindow   - GameScene -> FXGLLoadingScene
13:49:53.857 [JavaFX Application Thread] DEBUG GameApplicationServi - Clearing previous game
13:49:53.857 [JavaFX Application Thread] DEBUG GameScene            - Clearing game scene
13:49:53.857 [JavaFX Application Thread] DEBUG GameWorld            - Clearing game world
13:49:53.857 [JavaFX Application Thread] DEBUG PhysicsWorld         - Clearing physics world
13:49:53.857 [FXGL Background Thread 2 ] DEBUG FXGLApplication      - Initializing game
13:49:53.858 [FXGL Background Thread 2 ] WARN  FXGLAssetLoaderServi - Asset "/assets/textures/bird.png" was not found!
13:49:53.858 [FXGL Background Thread 2 ] WARN  FXGLAssetLoaderServi - Failed to load IMAGE
13:49:53.858 [FXGL Background Thread 2 ] INFO  FXGLApplication      - Game initialization took: 0.001 sec
13:49:53.860 [JavaFX Application Thread] DEBUG Input                - Clearing active input actions
13:49:53.862 [JavaFX Application Thread] DEBUG GameApplicationServi - Removing overlay from FXGLLoadingScene and adding to GameScene
13:49:53.862 [JavaFX Application Thread] DEBUG PrimaryStageWindow   - FXGLLoadingScene -> GameScene
13:50:03.007 [JavaFX Application Thread] DEBUG GameApplicationServi - Starting new game
13:50:03.008 [JavaFX Application Thread] DEBUG Input                - Clearing active input actions
13:50:03.009 [JavaFX Application Thread] DEBUG GameApplicationServi - Removing overlay from GameScene and adding to FXGLLoadingScene
13:50:03.009 [JavaFX Application Thread] DEBUG PrimaryStageWindow   - GameScene -> FXGLLoadingScene
13:50:03.009 [JavaFX Application Thread] DEBUG GameApplicationServi - Clearing previous game
13:50:03.009 [JavaFX Application Thread] DEBUG GameScene            - Clearing game scene
13:50:03.009 [JavaFX Application Thread] DEBUG GameWorld            - Clearing game world
13:50:03.010 [JavaFX Application Thread] DEBUG PhysicsWorld         - Clearing physics world
13:50:03.010 [FXGL Background Thread 2 ] DEBUG FXGLApplication      - Initializing game
13:50:03.011 [FXGL Background Thread 2 ] WARN  FXGLAssetLoaderServi - Asset "/assets/textures/bird.png" was not found!
13:50:03.011 [FXGL Background Thread 2 ] WARN  FXGLAssetLoaderServi - Failed to load IMAGE
13:50:03.012 [FXGL Background Thread 2 ] INFO  FXGLApplication      - Game initialization took: 0.002 sec
13:50:03.013 [JavaFX Application Thread] DEBUG Input                - Clearing active input actions
13:50:03.014 [JavaFX Application Thread] DEBUG GameApplicationServi - Removing overlay from FXGLLoadingScene and adding to GameScene
13:50:03.014 [JavaFX Application Thread] DEBUG PrimaryStageWindow   - FXGLLoadingScene -> GameScene
13:50:07.040 [JavaFX Application Thread] DEBUG FXGLApplication      - Exiting FXGL
13:50:07.040 [JavaFX Application Thread] DEBUG LoopRunner           - Stopping loop
13:50:07.040 [JavaFX Application Thread] DEBUG SystemBundleService  - Saving FXGL system data
13:50:07.042 [JavaFX Application Thread] DEBUG FileSystemAccess     - Writing to: D:\UI\project\Y2\CS223\1\game\DashDash\system\fxgl.bundle
13:50:07.044 [JavaFX Application Thread] DEBUG Async                - Shutting down background threads
13:50:07.044 [JavaFX Application Thread] DEBUG PrimaryStageWindow   - Closing main window
13:50:07.096 [JavaFX Application Thread] DEBUG Logger               - Closing Logger
